[2026-03-27 18:00:01] === Auto-publish check started ===
[2026-03-27 18:00:02] [kobold] Still active, skipping
[2026-03-27 18:00:02] [nanocorp] Still active, skipping
[2026-03-27 18:00:02] [cctv] Still active, skipping
[2026-03-27 18:00:03] [conversor] Machine retired! Publishing full writeup...
[2026-03-27 18:00:03] [conversor] Tips version removed
[2026-03-27 18:00:03] [conversor] Full writeup published!
[2026-03-27 18:00:03] [wingdata] Still active, skipping
[2026-03-27 18:00:03] [pirate] Still active, skipping
[2026-03-27 18:00:04] [sorcery] Still active, skipping
[2026-03-27 18:00:04] Changes detected, rebuilding and deploying...
[2026-03-27 18:00:09] Deploy complete!
[2026-03-27 18:00:09] === Auto-publish check finished ===
[2026-03-28 18:00:01] === Auto-publish check started ===
[2026-03-28 18:00:02] [kobold] Still active, skipping
[2026-03-28 18:00:02] [nanocorp] Still active, skipping
[2026-03-28 18:00:02] [cctv] Still active, skipping
[2026-03-28 18:00:03] [wingdata] Still active, skipping
[2026-03-28 18:00:03] [pirate] Still active, skipping
[2026-03-28 18:00:03] [sorcery] Still active, skipping
[2026-03-28 18:00:03] No changes needed
[2026-03-28 18:00:03] === Auto-publish check finished ===
[2026-03-29 18:00:01] === Auto-publish check started ===
[2026-03-29 18:00:01] [kobold] Still active, skipping
[2026-03-29 18:00:02] [nanocorp] Still active, skipping
[2026-03-29 18:00:02] [cctv] Still active, skipping
[2026-03-29 18:00:03] [wingdata] Still active, skipping
[2026-03-29 18:00:03] [pirate] Still active, skipping
[2026-03-29 18:00:03] [sorcery] Still active, skipping
[2026-03-29 18:00:03] No changes needed
[2026-03-29 18:00:03] === Auto-publish check finished ===
[2026-03-30 00:00:01] === Auto-publish check started ===
[2026-03-30 00:00:01] [kobold] Still active, skipping
[2026-03-30 00:00:02] [nanocorp] Still active, skipping
[2026-03-30 00:00:02] [cctv] Still active, skipping
[2026-03-30 00:00:02] [wingdata] Still active, skipping
[2026-03-30 00:00:03] [pirate] Still active, skipping
[2026-03-30 00:00:03] [sorcery] Still active, skipping
[2026-03-30 00:00:03] No changes needed
[2026-03-30 00:00:03] === Auto-publish check finished ===
[2026-03-30 18:00:01] === Auto-publish check started ===
[2026-03-30 18:00:02] [kobold] Still active, skipping
[2026-03-30 18:00:02] [nanocorp] Still active, skipping
[2026-03-30 18:00:02] [cctv] Still active, skipping
[2026-03-30 18:00:03] [wingdata] Still active, skipping
[2026-03-30 18:00:03] [pirate] Still active, skipping
[2026-03-30 18:00:03] [sorcery] Still active, skipping
[2026-03-30 18:00:03] No changes needed
[2026-03-30 18:00:03] === Auto-publish check finished ===
[2026-03-31 18:00:01] === Auto-publish check started ===
[2026-03-31 18:00:01] [kobold] Still active, skipping
[2026-03-31 18:00:02] [nanocorp] Still active, skipping
[2026-03-31 18:00:02] [cctv] Still active, skipping
[2026-03-31 18:00:02] [wingdata] Still active, skipping
[2026-03-31 18:00:03] [pirate] Still active, skipping
[2026-03-31 18:00:03] [sorcery] Still active, skipping
[2026-03-31 18:00:03] No changes needed
[2026-03-31 18:00:03] === Auto-publish check finished ===
[2026-04-01 06:00:01] === Auto-publish check started ===
[2026-04-01 06:00:01] [kobold] Still active, skipping
[2026-04-01 06:00:01] [nanocorp] Still active, skipping
[2026-04-01 06:00:02] [cctv] Still active, skipping
[2026-04-01 06:00:02] [wingdata] Still active, skipping
[2026-04-01 06:00:03] [pirate] Still active, skipping
[2026-04-01 06:00:03] [sorcery] Still active, skipping
[2026-04-01 06:00:03] No changes needed
[2026-04-01 06:00:03] === Auto-publish check finished ===
[2026-04-01 18:00:01] === Auto-publish check started ===
[2026-04-01 18:00:01] [kobold] Still active, skipping
[2026-04-01 18:00:02] [nanocorp] Still active, skipping
[2026-04-01 18:00:02] [cctv] Still active, skipping
[2026-04-01 18:00:03] [wingdata] Still active, skipping
[2026-04-01 18:00:03] [pirate] Still active, skipping
[2026-04-01 18:00:04] [sorcery] Still active, skipping
[2026-04-01 18:00:04] No changes needed
[2026-04-01 18:00:04] === Auto-publish check finished ===
[2026-04-02 00:00:01] === Auto-publish check started ===
[2026-04-02 00:00:01] [kobold] Still active, skipping
[2026-04-02 00:00:01] [nanocorp] Still active, skipping
[2026-04-02 00:00:02] [cctv] Still active, skipping
[2026-04-02 00:00:02] [wingdata] Still active, skipping
[2026-04-02 00:00:02] [pirate] Still active, skipping
[2026-04-02 00:00:03] [sorcery] Still active, skipping
[2026-04-02 00:00:03] No changes needed
[2026-04-02 00:00:03] === Auto-publish check finished ===
[2026-04-02 06:00:01] === Auto-publish check started ===
[2026-04-02 06:00:02] [kobold] Still active, skipping
[2026-04-02 06:00:02] [nanocorp] Still active, skipping
[2026-04-02 06:00:02] [cctv] Still active, skipping
[2026-04-02 06:00:03] [wingdata] Still active, skipping
[2026-04-02 06:00:03] [pirate] Still active, skipping
[2026-04-02 06:00:03] [sorcery] Still active, skipping
[2026-04-02 06:00:03] No changes needed
[2026-04-02 06:00:03] === Auto-publish check finished ===
[2026-04-02 12:00:01] === Auto-publish check started ===
[2026-04-02 12:00:02] [kobold] Still active, skipping
[2026-04-02 12:00:02] [nanocorp] Still active, skipping
[2026-04-02 12:00:02] [cctv] Still active, skipping
[2026-04-02 12:00:03] [wingdata] Still active, skipping
[2026-04-02 12:00:03] [pirate] Still active, skipping
[2026-04-02 12:00:03] [sorcery] Still active, skipping
[2026-04-02 12:00:03] No changes needed
[2026-04-02 12:00:03] === Auto-publish check finished ===
[2026-04-02 18:00:01] === Auto-publish check started ===
[2026-04-02 18:00:02] [kobold] Still active, skipping
[2026-04-02 18:00:02] [nanocorp] Still active, skipping
[2026-04-02 18:00:02] [cctv] Still active, skipping
[2026-04-02 18:00:03] [wingdata] Still active, skipping
[2026-04-02 18:00:03] [pirate] Still active, skipping
[2026-04-02 18:00:04] [sorcery] Still active, skipping
[2026-04-02 18:00:04] No changes needed
[2026-04-02 18:00:04] === Auto-publish check finished ===
[2026-04-03 18:00:01] === Auto-publish check started ===
[2026-04-03 18:00:01] [kobold] Still active, skipping
[2026-04-03 18:00:02] [nanocorp] Still active, skipping
[2026-04-03 18:00:02] [cctv] Still active, skipping
[2026-04-03 18:00:03] [wingdata] Still active, skipping
[2026-04-03 18:00:03] [pirate] Still active, skipping
[2026-04-03 18:00:03] [sorcery] Still active, skipping
[2026-04-03 18:00:03] No changes needed
[2026-04-03 18:00:03] === Auto-publish check finished ===
[2026-04-04 06:00:01] === Auto-publish check started ===
[2026-04-04 06:00:02] [kobold] Still active, skipping
[2026-04-04 06:00:02] [nanocorp] Still active, skipping
[2026-04-04 06:00:02] [cctv] Still active, skipping
[2026-04-04 06:00:03] [wingdata] Still active, skipping
[2026-04-04 06:00:03] [pirate] Still active, skipping
[2026-04-04 06:00:03] [sorcery] Still active, skipping
[2026-04-04 06:00:03] No changes needed
[2026-04-04 06:00:03] === Auto-publish check finished ===
[2026-04-04 12:00:01] === Auto-publish check started ===
[2026-04-04 12:00:01] [kobold] Still active, skipping
[2026-04-04 12:00:02] [nanocorp] Still active, skipping
[2026-04-04 12:00:02] [cctv] Still active, skipping
[2026-04-04 12:00:02] [wingdata] Still active, skipping
[2026-04-04 12:00:03] [pirate] Still active, skipping
[2026-04-04 12:00:03] [sorcery] Still active, skipping
[2026-04-04 12:00:03] No changes needed
[2026-04-04 12:00:03] === Auto-publish check finished ===
[2026-04-04 18:00:01] === Auto-publish check started ===
[2026-04-04 18:00:01] [kobold] Still active, skipping
[2026-04-04 18:00:01] [nanocorp] Still active, skipping
[2026-04-04 18:00:02] [cctv] Still active, skipping
[2026-04-04 18:00:02] [wingdata] Still active, skipping
[2026-04-04 18:00:02] [pirate] Still active, skipping
[2026-04-04 18:00:02] [sorcery] Still active, skipping
[2026-04-04 18:00:02] No changes needed
[2026-04-04 18:00:02] === Auto-publish check finished ===
[2026-04-06 18:00:01] === Auto-publish check started ===
[2026-04-06 18:00:02] [kobold] Still active, skipping
[2026-04-06 18:00:02] [nanocorp] Still active, skipping
[2026-04-06 18:00:03] [cctv] Still active, skipping
[2026-04-06 18:00:03] [wingdata] Still active, skipping
[2026-04-06 18:00:03] [pirate] Still active, skipping
[2026-04-06 18:00:04] [sorcery] Still active, skipping
[2026-04-06 18:00:04] No changes needed
[2026-04-06 18:00:04] === Auto-publish check finished ===
[2026-04-07 00:00:02] === Auto-publish check started ===
[2026-04-07 00:00:04] [kobold] Still active, skipping
[2026-04-07 00:00:04] [nanocorp] Still active, skipping
[2026-04-07 00:00:04] [cctv] Still active, skipping
[2026-04-07 00:00:05] [wingdata] Still active, skipping
[2026-04-07 00:00:05] [pirate] Still active, skipping
[2026-04-07 00:00:05] [sorcery] Still active, skipping
[2026-04-07 00:00:05] No changes needed
[2026-04-07 00:00:05] === Auto-publish check finished ===
[2026-04-07 06:00:01] === Auto-publish check started ===
[2026-04-07 06:00:01] [kobold] Still active, skipping
[2026-04-07 06:00:02] [nanocorp] Still active, skipping
[2026-04-07 06:00:02] [cctv] Still active, skipping
[2026-04-07 06:00:02] [wingdata] Still active, skipping
[2026-04-07 06:00:03] [pirate] Still active, skipping
[2026-04-07 06:00:03] [sorcery] Still active, skipping
[2026-04-07 06:00:03] No changes needed
[2026-04-07 06:00:03] === Auto-publish check finished ===
[2026-04-07 18:00:01] === Auto-publish check started ===
[2026-04-07 18:00:01] [kobold] Still active, skipping
[2026-04-07 18:00:01] [nanocorp] Still active, skipping
[2026-04-07 18:00:02] [cctv] Still active, skipping
[2026-04-07 18:00:02] [wingdata] Still active, skipping
[2026-04-07 18:00:02] [pirate] Still active, skipping
[2026-04-07 18:00:03] [sorcery] Still active, skipping
[2026-04-07 18:00:03] No changes needed
[2026-04-07 18:00:03] === Auto-publish check finished ===
[2026-04-08 00:00:01] === Auto-publish check started ===
[2026-04-08 00:00:01] [kobold] Still active, skipping
[2026-04-08 00:00:01] [nanocorp] Still active, skipping
[2026-04-08 00:00:02] [cctv] Still active, skipping
[2026-04-08 00:00:02] [wingdata] Still active, skipping
[2026-04-08 00:00:02] [pirate] Still active, skipping
[2026-04-08 00:00:03] [sorcery] Still active, skipping
[2026-04-08 00:00:03] No changes needed
[2026-04-08 00:00:03] === Auto-publish check finished ===
[2026-04-08 06:00:01] === Auto-publish check started ===
[2026-04-08 06:00:02] [kobold] Still active, skipping
[2026-04-08 06:00:02] [nanocorp] Still active, skipping
[2026-04-08 06:00:02] [cctv] Still active, skipping
[2026-04-08 06:00:03] [wingdata] Still active, skipping
[2026-04-08 06:00:03] [pirate] Still active, skipping
[2026-04-08 06:00:03] [sorcery] Still active, skipping
[2026-04-08 06:00:03] No changes needed
[2026-04-08 06:00:03] === Auto-publish check finished ===
[2026-04-08 12:00:01] === Auto-publish check started ===
[2026-04-08 12:00:02] [kobold] Still active, skipping
[2026-04-08 12:00:02] [nanocorp] Still active, skipping
[2026-04-08 12:00:02] [cctv] Still active, skipping
[2026-04-08 12:00:03] [wingdata] Still active, skipping
[2026-04-08 12:00:03] [pirate] Still active, skipping
[2026-04-08 12:00:03] [sorcery] Still active, skipping
[2026-04-08 12:00:03] No changes needed
[2026-04-08 12:00:03] === Auto-publish check finished ===
[2026-04-08 18:00:01] === Auto-publish check started ===
[2026-04-08 18:00:02] [kobold] Still active, skipping
[2026-04-08 18:00:02] [nanocorp] Still active, skipping
[2026-04-08 18:00:03] [cctv] Still active, skipping
[2026-04-08 18:00:03] [wingdata] Still active, skipping
[2026-04-08 18:00:04] [pirate] Still active, skipping
[2026-04-08 18:00:04] [sorcery] Still active, skipping
[2026-04-08 18:00:04] No changes needed
[2026-04-08 18:00:04] === Auto-publish check finished ===
[2026-04-09 00:00:01] === Auto-publish check started ===
[2026-04-09 00:00:01] [kobold] Still active, skipping
[2026-04-09 00:00:01] [nanocorp] Still active, skipping
[2026-04-09 00:00:02] [cctv] Still active, skipping
[2026-04-09 00:00:02] [wingdata] Still active, skipping
[2026-04-09 00:00:03] [pirate] Still active, skipping
[2026-04-09 00:00:03] [sorcery] Still active, skipping
[2026-04-09 00:00:03] No changes needed
[2026-04-09 00:00:03] === Auto-publish check finished ===
[2026-04-09 18:00:01] === Auto-publish check started ===
[2026-04-09 18:00:01] [kobold] Still active, skipping
[2026-04-09 18:00:01] [nanocorp] Still active, skipping
[2026-04-09 18:00:02] [cctv] Still active, skipping
[2026-04-09 18:00:02] [wingdata] Still active, skipping
[2026-04-09 18:00:02] [pirate] Still active, skipping
[2026-04-09 18:00:03] [sorcery] Still active, skipping
[2026-04-09 18:00:03] No changes needed
[2026-04-09 18:00:03] === Auto-publish check finished ===
[2026-04-10 18:00:01] === Auto-publish check started ===
[2026-04-10 18:00:02] [kobold] Still active, skipping
[2026-04-10 18:00:02] [nanocorp] Still active, skipping
[2026-04-10 18:00:02] [cctv] Still active, skipping
[2026-04-10 18:00:03] [wingdata] Still active, skipping
[2026-04-10 18:00:03] [pirate] Still active, skipping
[2026-04-10 18:00:03] [sorcery] Still active, skipping
[2026-04-10 18:00:03] No changes needed
[2026-04-10 18:00:03] === Auto-publish check finished ===
[2026-04-11 00:00:01] === Auto-publish check started ===
[2026-04-11 00:00:01] [kobold] Still active, skipping
[2026-04-11 00:00:02] [nanocorp] Still active, skipping
[2026-04-11 00:00:02] [cctv] Still active, skipping
[2026-04-11 00:00:02] [wingdata] Still active, skipping
[2026-04-11 00:00:03] [pirate] Still active, skipping
[2026-04-11 00:00:03] [sorcery] Still active, skipping
[2026-04-11 00:00:03] No changes needed
[2026-04-11 00:00:03] === Auto-publish check finished ===
[2026-04-11 06:00:01] === Auto-publish check started ===
[2026-04-11 06:00:01] [kobold] Still active, skipping
[2026-04-11 06:00:02] [nanocorp] Still active, skipping
[2026-04-11 06:00:02] [cctv] Still active, skipping
[2026-04-11 06:00:02] [wingdata] Still active, skipping
[2026-04-11 06:00:03] [pirate] Still active, skipping
[2026-04-11 06:00:03] [sorcery] Still active, skipping
[2026-04-11 06:00:03] No changes needed
[2026-04-11 06:00:03] === Auto-publish check finished ===
[2026-04-11 12:00:01] === Auto-publish check started ===
[2026-04-11 12:00:02] [kobold] Still active, skipping
[2026-04-11 12:00:02] [nanocorp] Still active, skipping
[2026-04-11 12:00:02] [cctv] Still active, skipping
[2026-04-11 12:00:03] [wingdata] Still active, skipping
[2026-04-11 12:00:03] [pirate] Still active, skipping
[2026-04-11 12:00:03] [sorcery] Still active, skipping
[2026-04-11 12:00:03] No changes needed
[2026-04-11 12:00:03] === Auto-publish check finished ===
[2026-04-11 18:00:01] === Auto-publish check started ===
[2026-04-11 18:00:01] [kobold] Still active, skipping
[2026-04-11 18:00:02] [nanocorp] Still active, skipping
[2026-04-11 18:00:02] [cctv] Still active, skipping
[2026-04-11 18:00:03] [wingdata] Still active, skipping
[2026-04-11 18:00:03] [pirate] Still active, skipping
[2026-04-11 18:00:03] [sorcery] Still active, skipping
[2026-04-11 18:00:03] No changes needed
[2026-04-11 18:00:03] === Auto-publish check finished ===
[2026-04-12 00:00:01] === Auto-publish check started ===
[2026-04-12 18:00:01] === Auto-publish check started ===
[2026-04-12 18:00:01] [kobold] Still active, skipping
[2026-04-12 18:00:02] [nanocorp] Still active, skipping
[2026-04-12 18:00:02] [cctv] Still active, skipping
[2026-04-12 18:00:03] [wingdata] Still active, skipping
[2026-04-12 18:00:03] [pirate] Still active, skipping
[2026-04-12 18:00:03] [sorcery] Still active, skipping
[2026-04-12 18:00:03] No changes needed
[2026-04-12 18:00:03] === Auto-publish check finished ===
[2026-04-13 00:00:01] === Auto-publish check started ===
[2026-04-13 00:00:02] [kobold] Still active, skipping
[2026-04-13 00:00:02] [nanocorp] Still active, skipping
[2026-04-13 00:00:02] [cctv] Still active, skipping
[2026-04-13 00:00:03] [wingdata] Still active, skipping
[2026-04-13 00:00:03] [pirate] Still active, skipping
[2026-04-13 00:00:03] [sorcery] Still active, skipping
[2026-04-13 00:00:03] No changes needed
[2026-04-13 00:00:03] === Auto-publish check finished ===
[2026-04-13 06:00:01] === Auto-publish check started ===
[2026-04-13 06:00:01] [kobold] Still active, skipping
[2026-04-13 06:00:02] [nanocorp] Still active, skipping
[2026-04-13 06:00:02] [cctv] Still active, skipping
[2026-04-13 06:00:02] [wingdata] Still active, skipping
[2026-04-13 06:00:03] [pirate] Still active, skipping
[2026-04-13 06:00:03] [sorcery] Still active, skipping
[2026-04-13 06:00:03] No changes needed
[2026-04-13 06:00:03] === Auto-publish check finished ===
[2026-04-13 18:00:01] === Auto-publish check started ===
[2026-04-13 18:00:02] [kobold] Still active, skipping
[2026-04-13 18:00:02] [nanocorp] Still active, skipping
[2026-04-13 18:00:02] [cctv] Still active, skipping
[2026-04-13 18:00:03] [wingdata] Still active, skipping
[2026-04-13 18:00:03] [pirate] Still active, skipping
[2026-04-13 18:00:03] [sorcery] Still active, skipping
[2026-04-13 18:00:03] No changes needed
[2026-04-13 18:00:03] === Auto-publish check finished ===
[2026-04-14 00:00:01] === Auto-publish check started ===
[2026-04-14 00:00:01] [kobold] Still active, skipping
[2026-04-14 00:00:02] [nanocorp] Still active, skipping
[2026-04-14 00:00:02] [cctv] Still active, skipping
[2026-04-14 00:00:02] [wingdata] Still active, skipping
[2026-04-14 00:00:03] [pirate] Still active, skipping
[2026-04-14 00:00:03] [sorcery] Still active, skipping
[2026-04-14 00:00:03] No changes needed
[2026-04-14 00:00:03] === Auto-publish check finished ===
[2026-04-14 06:00:01] === Auto-publish check started ===
[2026-04-14 12:00:01] === Auto-publish check started ===
[2026-04-14 18:00:01] === Auto-publish check started ===
[2026-04-14 18:00:02] [kobold] Still active, skipping
[2026-04-14 18:00:02] [nanocorp] Still active, skipping
[2026-04-14 18:00:03] [cctv] Still active, skipping
[2026-04-14 18:00:03] [wingdata] Still active, skipping
[2026-04-14 18:00:03] [pirate] Still active, skipping
[2026-04-14 18:00:04] [sorcery] Still active, skipping
[2026-04-14 18:00:04] No changes needed
[2026-04-14 18:00:04] === Auto-publish check finished ===
[2026-04-15 18:00:01] === Auto-publish check started ===
[2026-04-15 18:00:02] [kobold] Still active, skipping
[2026-04-15 18:00:02] [nanocorp] Still active, skipping
[2026-04-15 18:00:03] [cctv] Still active, skipping
[2026-04-15 18:00:03] [wingdata] Still active, skipping
[2026-04-15 18:00:03] [pirate] Still active, skipping
[2026-04-15 18:00:03] [sorcery] Still active, skipping
[2026-04-15 18:00:03] No changes needed
[2026-04-15 18:00:03] === Auto-publish check finished ===
[2026-04-16 00:00:01] === Auto-publish check started ===
[2026-04-16 00:00:03] [kobold] Still active, skipping
[2026-04-16 00:00:04] [nanocorp] Still active, skipping
[2026-04-16 00:00:04] [cctv] Still active, skipping
[2026-04-16 00:00:04] [wingdata] Still active, skipping
[2026-04-16 00:00:05] [pirate] Still active, skipping
[2026-04-16 00:00:05] [sorcery] Still active, skipping
[2026-04-16 00:00:05] No changes needed
[2026-04-16 00:00:05] === Auto-publish check finished ===
[2026-04-16 18:00:01] === Auto-publish check started ===
[2026-04-16 18:00:02] [kobold] Still active, skipping
[2026-04-16 18:00:02] [nanocorp] Still active, skipping
[2026-04-16 18:00:02] [cctv] Still active, skipping
[2026-04-16 18:00:03] [wingdata] Still active, skipping
[2026-04-16 18:00:03] [pirate] Still active, skipping
[2026-04-16 18:00:03] [sorcery] Still active, skipping
[2026-04-16 18:00:03] No changes needed
[2026-04-16 18:00:03] === Auto-publish check finished ===
[2026-04-17 00:00:01] === Auto-publish check started ===
[2026-04-17 06:00:01] === Auto-publish check started ===
[2026-04-17 06:00:01] [kobold] Still active, skipping
[2026-04-17 06:00:02] [nanocorp] Still active, skipping
[2026-04-17 06:00:02] [cctv] Still active, skipping
[2026-04-17 06:00:02] [wingdata] Still active, skipping
[2026-04-17 06:00:03] [pirate] Still active, skipping
[2026-04-17 06:00:03] [sorcery] Still active, skipping
[2026-04-17 06:00:03] No changes needed
[2026-04-17 06:00:03] === Auto-publish check finished ===
[2026-04-17 18:00:01] === Auto-publish check started ===
[2026-04-17 18:00:02] [kobold] Still active, skipping
[2026-04-17 18:00:02] [nanocorp] Still active, skipping
[2026-04-17 18:00:02] [cctv] Still active, skipping
[2026-04-17 18:00:03] [wingdata] Still active, skipping
[2026-04-17 18:00:03] [pirate] Still active, skipping
[2026-04-17 18:00:03] [sorcery] Still active, skipping
[2026-04-17 18:00:03] No changes needed
[2026-04-17 18:00:03] === Auto-publish check finished ===
[2026-04-18 00:00:01] === Auto-publish check started ===
[2026-04-18 00:00:01] [kobold] Still active, skipping
[2026-04-18 00:00:02] [nanocorp] Still active, skipping
[2026-04-18 00:00:02] [cctv] Still active, skipping
[2026-04-18 00:00:02] [wingdata] Still active, skipping
[2026-04-18 00:00:03] [pirate] Still active, skipping
[2026-04-18 00:00:03] [sorcery] Still active, skipping
[2026-04-18 00:00:03] No changes needed
[2026-04-18 00:00:03] === Auto-publish check finished ===
[2026-04-19 18:00:01] === Auto-publish check started ===
[2026-04-19 18:00:01] [kobold] Still active, skipping
[2026-04-19 18:00:01] [nanocorp] Still active, skipping
[2026-04-19 18:00:02] [cctv] Still active, skipping
[2026-04-19 18:00:02] [wingdata] Still active, skipping
[2026-04-19 18:00:03] [pirate] Still active, skipping
[2026-04-19 18:00:03] [sorcery] Still active, skipping
[2026-04-19 18:00:03] No changes needed
[2026-04-19 18:00:03] === Auto-publish check finished ===
[2026-04-20 00:00:01] === Auto-publish check started ===
[2026-04-20 00:00:01] [kobold] Still active, skipping
[2026-04-20 00:00:02] [nanocorp] Still active, skipping
[2026-04-20 00:00:02] [cctv] Still active, skipping
[2026-04-20 00:00:02] [wingdata] Still active, skipping
[2026-04-20 00:00:03] [pirate] Still active, skipping
[2026-04-20 00:00:03] [sorcery] Still active, skipping
[2026-04-20 00:00:03] No changes needed
[2026-04-20 00:00:03] === Auto-publish check finished ===
[2026-04-20 06:00:01] === Auto-publish check started ===
[2026-04-20 12:00:01] === Auto-publish check started ===
[2026-04-20 12:00:01] [kobold] Still active, skipping
[2026-04-20 12:00:02] [nanocorp] Still active, skipping
[2026-04-20 12:00:02] [cctv] Still active, skipping
[2026-04-20 12:00:02] [wingdata] Still active, skipping
[2026-04-20 12:00:03] [pirate] Still active, skipping
[2026-04-20 12:00:03] [sorcery] Still active, skipping
[2026-04-20 12:00:03] No changes needed
[2026-04-20 12:00:03] === Auto-publish check finished ===
[2026-04-20 18:00:01] === Auto-publish check started ===
[2026-04-20 18:00:02] [kobold] Still active, skipping
[2026-04-20 18:00:02] [nanocorp] Still active, skipping
[2026-04-20 18:00:02] [cctv] Still active, skipping
[2026-04-20 18:00:03] [wingdata] Still active, skipping
[2026-04-20 18:00:03] [pirate] Still active, skipping
[2026-04-20 18:00:03] [sorcery] Still active, skipping
[2026-04-20 18:00:03] No changes needed
[2026-04-20 18:00:03] === Auto-publish check finished ===
[2026-04-21 00:00:01] === Auto-publish check started ===
[2026-04-21 00:00:01] [kobold] Still active, skipping
[2026-04-21 00:00:02] [nanocorp] Still active, skipping
[2026-04-21 00:00:02] [cctv] Still active, skipping
[2026-04-21 00:00:03] [wingdata] Still active, skipping
[2026-04-21 00:00:03] [pirate] Still active, skipping
[2026-04-21 00:00:03] [sorcery] Still active, skipping
[2026-04-21 00:00:03] No changes needed
[2026-04-21 00:00:03] === Auto-publish check finished ===
[2026-04-21 18:00:01] === Auto-publish check started ===
[2026-04-22 00:00:01] === Auto-publish check started ===
[2026-04-22 00:00:02] [kobold] Still active, skipping
[2026-04-22 00:00:02] [nanocorp] Still active, skipping
[2026-04-22 00:00:02] [cctv] Still active, skipping
[2026-04-22 00:00:02] [wingdata] Still active, skipping
[2026-04-22 00:00:03] [pirate] Still active, skipping
[2026-04-22 00:00:03] [sorcery] Still active, skipping
[2026-04-22 00:00:03] No changes needed
[2026-04-22 00:00:03] === Auto-publish check finished ===
[2026-04-22 18:00:01] === Auto-publish check started ===
[2026-04-22 18:00:02] [kobold] Still active, skipping
[2026-04-22 18:00:02] [nanocorp] Still active, skipping
[2026-04-22 18:00:02] [cctv] Still active, skipping
[2026-04-22 18:00:03] [wingdata] Still active, skipping
[2026-04-22 18:00:03] [pirate] Still active, skipping
[2026-04-22 18:00:04] [sorcery] Still active, skipping
[2026-04-22 18:00:04] No changes needed
[2026-04-22 18:00:04] === Auto-publish check finished ===
[2026-04-24 00:00:01] === Auto-publish check started ===
[2026-04-24 00:00:02] [kobold] Still active, skipping
[2026-04-24 00:00:02] [nanocorp] Still active, skipping
[2026-04-24 00:00:03] [cctv] Still active, skipping
[2026-04-24 00:00:03] [wingdata] Still active, skipping
[2026-04-24 00:00:03] [pirate] Still active, skipping
[2026-04-24 00:00:04] [sorcery] Still active, skipping
[2026-04-24 00:00:04] No changes needed
[2026-04-24 00:00:04] === Auto-publish check finished ===
[2026-04-24 06:00:01] === Auto-publish check started ===
[2026-04-24 12:00:01] === Auto-publish check started ===
[2026-04-24 18:00:01] === Auto-publish check started ===
[2026-04-24 18:00:01] [kobold] Still active, skipping
[2026-04-24 18:00:02] [nanocorp] Still active, skipping
[2026-04-24 18:00:02] [cctv] Still active, skipping
[2026-04-24 18:00:03] [wingdata] Still active, skipping
[2026-04-24 18:00:03] [pirate] Still active, skipping
[2026-04-24 18:00:03] [sorcery] Still active, skipping
[2026-04-24 18:00:03] No changes needed
[2026-04-24 18:00:03] === Auto-publish check finished ===
[2026-04-25 00:00:01] === Auto-publish check started ===
[2026-04-25 00:00:02] [kobold] Still active, skipping
[2026-04-25 00:00:02] [nanocorp] Still active, skipping
[2026-04-25 00:00:02] [cctv] Still active, skipping
[2026-04-25 00:00:03] [wingdata] Still active, skipping
[2026-04-25 00:00:03] [pirate] Still active, skipping
[2026-04-25 00:00:03] [sorcery] Still active, skipping
[2026-04-25 00:00:03] No changes needed
[2026-04-25 00:00:03] === Auto-publish check finished ===
[2026-04-25 06:00:01] === Auto-publish check started ===
[2026-04-25 12:00:01] === Auto-publish check started ===
[2026-04-25 18:00:01] === Auto-publish check started ===
[2026-04-26 00:00:01] === Auto-publish check started ===
[2026-04-26 18:00:01] === Auto-publish check started ===
[2026-04-26 18:00:02] [kobold] Still active, skipping
[2026-04-26 18:00:02] [nanocorp] Still active, skipping
[2026-04-26 18:00:02] [cctv] Still active, skipping
[2026-04-26 18:00:03] [wingdata] Still active, skipping
[2026-04-26 18:00:03] [pirate] Still active, skipping
[2026-04-26 18:00:04] [sorcery] Machine retired! Publishing full writeup...
[2026-04-26 18:00:04] [sorcery] Tips version removed
[2026-04-26 18:00:04] [sorcery] Full writeup published!
[2026-04-26 18:00:04] Changes detected, rebuilding and deploying...
